07-01 22:00:54 svg2mod 1217:Font "mplus-1mn-medium" does not natively support style "Regular" using "Path" instead
07-01 22:00:54 svg2mod-unfiltered 253:Found SVG layer: F.SilkS
07-01 22:00:54 svg2mod 254:  Detailed names: [F.SilkS]
07-01 22:00:54 svg2mod 278:  Inlining 1 segments...
07-01 22:00:54 svg2mod 329:  Writing Text with 20 points
07-01 22:00:55 svg2mod 1217:Font "mplus-1mn-medium" does not natively support style "Regular" using "Path" instead
07-01 22:00:55 svg2mod-unfiltered 253:Found SVG layer: F.SilkS
07-01 22:00:55 svg2mod 254:  Detailed names: [F.SilkS]
07-01 22:00:55 svg2mod 278:  Inlining 2 segments...
07-01 22:00:55 svg2mod 329:  Writing Text with 35 points
07-01 22:00:56 svg2mod 1217:Font "mplus-1mn-medium" does not natively support style "Regular" using "Path" instead
07-01 22:00:56 svg2mod-unfiltered 253:Found SVG layer: F.SilkS
07-01 22:00:56 svg2mod 254:  Detailed names: [F.SilkS]
07-01 22:00:56 svg2mod 278:  Inlining 5 segments...
07-01 22:00:56 svg2mod 329:  Writing Text with 85 points
07-01 22:00:56 svg2mod 329:  Writing Text with 12 points
07-01 22:00:59 svg2mod 1217:Font "FredokaOne" does not natively support style "Regular" using "Path" instead
07-01 22:00:59 svg2mod-unfiltered 253:Found SVG layer: F.SilkS
07-01 22:00:59 svg2mod 254:  Detailed names: [F.SilkS]
07-01 22:00:59 svg2mod 278:  Inlining 5 segments...
07-01 22:00:59 svg2mod 329:  Writing Text with 154 points
07-01 22:00:59 svg2mod 329:  Writing Text with 9 points
07-01 22:01:01 svg2mod 1217:Font "UbuntuMono-B" does not natively support style "Regular" using "Path" instead
07-01 22:01:01 svg2mod-unfiltered 253:Found SVG layer: F.SilkS
07-01 22:01:01 svg2mod 254:  Detailed names: [F.SilkS]
07-01 22:01:01 svg2mod 278:  Inlining 5 segments...
07-01 22:01:01 svg2mod 329:  Writing Text with 112 points
07-01 22:01:01 svg2mod 329:  Writing Text with 12 points
07-01 22:01:58 svg2mod 1217:Font "UbuntuMono-B" does not natively support style "Regular" using "Path" instead
07-01 22:01:58 svg2mod-unfiltered 253:Found SVG layer: F.SilkS
07-01 22:01:58 svg2mod 254:  Detailed names: [F.SilkS]
07-01 22:01:58 svg2mod 278:  Inlining 1 segments...
07-01 22:01:58 svg2mod 329:  Writing Text with 21 points
07-01 22:01:58 svg2mod 1217:Font "UbuntuMono-B" does not natively support style "Regular" using "Path" instead
07-01 22:01:58 svg2mod-unfiltered 253:Found SVG layer: F.SilkS
07-01 22:01:58 svg2mod 254:  Detailed names: [F.SilkS]
07-01 22:01:58 svg2mod 278:  Inlining 2 segments...
07-01 22:01:58 svg2mod 329:  Writing Text with 42 points
07-01 22:01:59 svg2mod 1217:Font "UbuntuMono-B" does not natively support style "Regular" using "Path" instead
07-01 22:01:59 svg2mod-unfiltered 253:Found SVG layer: F.SilkS
07-01 22:01:59 svg2mod 254:  Detailed names: [F.SilkS]
07-01 22:01:59 svg2mod 278:  Inlining 4 segments...
07-01 22:01:59 svg2mod 329:  Writing Text with 73 points
07-01 22:01:59 svg2mod 1217:Font "UbuntuMono-B" does not natively support style "Regular" using "Path" instead
07-01 22:02:00 svg2mod-unfiltered 253:Found SVG layer: F.SilkS
07-01 22:02:00 svg2mod 254:  Detailed names: [F.SilkS]
07-01 22:02:00 svg2mod 278:  Inlining 5 segments...
07-01 22:02:00 svg2mod 329:  Writing Text with 112 points
07-01 22:02:00 svg2mod 329:  Writing Text with 12 points
07-01 22:02:00 svg2mod 1217:Font "UbuntuMono-B" does not natively support style "Regular" using "Path" instead
07-01 22:02:00 svg2mod-unfiltered 253:Found SVG layer: F.SilkS
07-01 22:02:00 svg2mod 254:  Detailed names: [F.SilkS]
07-01 22:02:00 svg2mod 278:  Inlining 6 segments...
07-01 22:02:00 svg2mod 329:  Writing Text with 150 points
07-01 22:02:00 svg2mod 329:  Writing Text with 12 points
07-01 22:02:00 svg2mod 329:  Writing Text with 12 points
07-01 22:02:02 svg2mod 1217:Font "UbuntuMono-B" does not natively support style "Regular" using "Path" instead
07-01 22:02:02 svg2mod-unfiltered 253:Found SVG layer: F.SilkS
07-01 22:02:02 svg2mod 254:  Detailed names: [F.SilkS]
07-01 22:02:02 svg2mod 278:  Inlining 8 segments...
07-01 22:02:02 svg2mod 329:  Writing Text with 208 points
07-01 22:02:02 svg2mod 329:  Writing Text with 12 points
07-01 22:02:02 svg2mod 329:  Writing Text with 12 points
07-01 22:02:02 svg2mod 329:  Writing Text with 10 points
07-01 22:02:09 svg2mod-unfiltered 253:Found SVG layer: F.SilkS
07-01 22:02:09 svg2mod 254:  Detailed names: [F.SilkS]
07-01 22:02:09 svg2mod 278:  Inlining 8 segments...
07-01 22:02:09 svg2mod 329:  Writing Text with 208 points
07-01 22:02:09 svg2mod 329:  Writing Text with 12 points
07-01 22:02:09 svg2mod 329:  Writing Text with 12 points
07-01 22:02:09 svg2mod 329:  Writing Text with 10 points
